# JRE version: Java(TM) SE Runtime Environment (13.0.1+9) (build 13.0.1+9)
# Java VM: Java HotSpot(TM) 64-Bit Server VM (13.0.1+9, mixed mode, sharing, tiered, compressed oops, parallel gc, windows-amd64)
Heap:
 PSYoungGen      total 86528K, used 61938K [0x00000000eab00000, 0x00000000f6800000, 0x0000000100000000)
  eden space 59392K, 58% used [0x00000000eab00000,0x00000000ecd00730,0x00000000ee500000)
  from space 27136K, 99% used [0x00000000ee800000,0x00000000f027c3e0,0x00000000f0280000)
  to   space 67072K, 0% used [0x00000000f2680000,0x00000000f2680000,0x00000000f6800000)
 ParOldGen       total 449536K, used 358661K [0x00000000c0000000, 0x00000000db700000, 0x00000000eab00000)
  object space 449536K, 79% used [0x00000000c0000000,0x00000000d5e41610,0x00000000db700000)
 Metaspace       used 56111K, capacity 59092K, committed 59136K, reserved 1101824K
  class space    used 5925K, capacity 6909K, committed 6912K, reserved 1048576K
GC Heap History (20 events):
Event: 17.145 GC heap before
{Heap before GC invocations=111 (full 7):
 PSYoungGen      total 48128K, used 48021K [0x00000000eab00000, 0x00000000eeb80000, 0x0000000100000000)
  eden space 35840K, 100% used [0x00000000eab00000,0x00000000ece00000,0x00000000ece00000)
  from space 12288K, 99% used [0x00000000edf80000,0x00000000eeb65468,0x00000000eeb80000)
  to   space 14336K, 0% used [0x00000000ecf80000,0x00000000ecf80000,0x00000000edd80000)
 ParOldGen       total 322560K, used 246285K [0x00000000c0000000, 0x00000000d3b00000, 0x00000000eab00000)
  object space 322560K, 76% used [0x00000000c0000000,0x00000000cf083660,0x00000000d3b00000)
 Metaspace       used 55213K, capacity 58210K, committed 58368K, reserved 1101824K
  class space    used 5848K, capacity 6853K, committed 6912K, reserved 1048576K
}
Event: 17.161 GC heap after
{Heap after GC invocations=111 (full 7):
 PSYoungGen      total 51712K, used 14321K [0x00000000eab00000, 0x00000000efc80000, 0x0000000100000000)
  eden space 37376K, 0% used [0x00000000eab00000,0x00000000eab00000,0x00000000ecf80000)
  from space 14336K, 99% used [0x00000000ecf80000,0x00000000edd7c430,0x00000000edd80000)
  to   space 22528K, 0% used [0x00000000ee680000,0x00000000ee680000,0x00000000efc80000)
 ParOldGen       total 322560K, used 252602K [0x00000000c0000000, 0x00000000d3b00000, 0x00000000eab00000)
  object space 322560K, 78% used [0x00000000c0000000,0x00000000cf6aeaa8,0x00000000d3b00000)
 Metaspace       used 55213K, capacity 58210K, committed 58368K, reserved 1101824K
  class space    used 5848K, capacity 6853K, committed 6912K, reserved 1048576K
}
Event: 17.317 GC heap before
{Heap before GC invocations=112 (full 7):
 PSYoungGen      total 51712K, used 51697K [0x00000000eab00000, 0x00000000efc80000, 0x0000000100000000)
  eden space 37376K, 100% used [0x00000000eab00000,0x00000000ecf80000,0x00000000ecf80000)
  from space 14336K, 99% used [0x00000000ecf80000,0x00000000edd7c430,0x00000000edd80000)
  to   space 22528K, 0% used [0x00000000ee680000,0x00000000ee680000,0x00000000efc80000)
 ParOldGen       total 322560K, used 252602K [0x00000000c0000000, 0x00000000d3b00000, 0x00000000eab00000)
  object space 322560K, 78% used [0x00000000c0000000,0x00000000cf6aeaa8,0x00000000d3b00000)
 Metaspace       used 55213K, capacity 58210K, committed 58368K, reserved 1101824K
  class space    used 5848K, capacity 6853K, committed 6912K, reserved 1048576K
}
Event: 17.335 GC heap after
{Heap after GC invocations=112 (full 7):
 PSYoungGen      total 54272K, used 13946K [0x00000000eab00000, 0x00000000ef480000, 0x0000000100000000)
  eden space 39936K, 0% used [0x00000000eab00000,0x00000000eab00000,0x00000000ed200000)
  from space 14336K, 97% used [0x00000000ee680000,0x00000000ef41ea90,0x00000000ef480000)
  to   space 16384K, 0% used [0x00000000ed480000,0x00000000ed480000,0x00000000ee480000)
 ParOldGen       total 322560K, used 261472K [0x00000000c0000000, 0x00000000d3b00000, 0x00000000eab00000)
  object space 322560K, 81% used [0x00000000c0000000,0x00000000cff58160,0x00000000d3b00000)
 Metaspace       used 55213K, capacity 58210K, committed 58368K, reserved 1101824K
  class space    used 5848K, capacity 6853K, committed 6912K, reserved 1048576K
}
Event: 17.496 GC heap before
{Heap before GC invocations=113 (full 7):
 PSYoungGen      total 54272K, used 53882K [0x00000000eab00000, 0x00000000ef480000, 0x0000000100000000)
  eden space 39936K, 100% used [0x00000000eab00000,0x00000000ed200000,0x00000000ed200000)
  from space 14336K, 97% used [0x00000000ee680000,0x00000000ef41ea90,0x00000000ef480000)
  to   space 16384K, 0% used [0x00000000ed480000,0x00000000ed480000,0x00000000ee480000)
 ParOldGen       total 322560K, used 261472K [0x00000000c0000000, 0x00000000d3b00000, 0x00000000eab00000)
  object space 322560K, 81% used [0x00000000c0000000,0x00000000cff58160,0x00000000d3b00000)
 Metaspace       used 55213K, capacity 58210K, committed 58368K, reserved 1101824K
  class space    used 5848K, capacity 6853K, committed 6912K, reserved 1048576K
}
Event: 17.510 GC heap after
{Heap after GC invocations=113 (full 7):
 PSYoungGen      total 58880K, used 16377K [0x00000000eab00000, 0x00000000f0600000, 0x0000000100000000)
  eden space 42496K, 0% used [0x00000000eab00000,0x00000000eab00000,0x00000000ed480000)
  from space 16384K, 99% used [0x00000000ed480000,0x00000000ee47e400,0x00000000ee480000)
  to   space 25088K, 0% used [0x00000000eed80000,0x00000000eed80000,0x00000000f0600000)
 ParOldGen       total 322560K, used 268194K [0x00000000c0000000, 0x00000000d3b00000, 0x00000000eab00000)
  object space 322560K, 83% used [0x00000000c0000000,0x00000000d05e8ae8,0x00000000d3b00000)
 Metaspace       used 55213K, capacity 58210K, committed 58368K, reserved 1101824K
  class space    used 5848K, capacity 6853K, committed 6912K, reserved 1048576K
}
Event: 17.669 GC heap before
{Heap before GC invocations=114 (full 7):
 PSYoungGen      total 58880K, used 58873K [0x00000000eab00000, 0x00000000f0600000, 0x0000000100000000)
  eden space 42496K, 100% used [0x00000000eab00000,0x00000000ed480000,0x00000000ed480000)
  from space 16384K, 99% used [0x00000000ed480000,0x00000000ee47e400,0x00000000ee480000)
  to   space 25088K, 0% used [0x00000000eed80000,0x00000000eed80000,0x00000000f0600000)
 ParOldGen       total 322560K, used 268194K [0x00000000c0000000, 0x00000000d3b00000, 0x00000000eab00000)
  object space 322560K, 83% used [0x00000000c0000000,0x00000000d05e8ae8,0x00000000d3b00000)
 Metaspace       used 55213K, capacity 58210K, committed 58368K, reserved 1101824K
  class space    used 5848K, capacity 6853K, committed 6912K, reserved 1048576K
}
Event: 17.690 GC heap after
{Heap after GC invocations=114 (full 7):
 PSYoungGen      total 61952K, used 15941K [0x00000000eab00000, 0x00000000efd80000, 0x0000000100000000)
  eden space 45568K, 0% used [0x00000000eab00000,0x00000000eab00000,0x00000000ed780000)
  from space 16384K, 97% used [0x00000000eed80000,0x00000000efd11608,0x00000000efd80000)
  to   space 18944K, 0% used [0x00000000ed880000,0x00000000ed880000,0x00000000eeb00000)
 ParOldGen       total 322560K, used 278606K [0x00000000c0000000, 0x00000000d3b00000, 0x00000000eab00000)
  object space 322560K, 86% used [0x00000000c0000000,0x00000000d1013a08,0x00000000d3b00000)
 Metaspace       used 55213K, capacity 58210K, committed 58368K, reserved 1101824K
  class space    used 5848K, capacity 6853K, committed 6912K, reserved 1048576K
}
Event: 17.864 GC heap before
{Heap before GC invocations=115 (full 7):
 PSYoungGen      total 61952K, used 61509K [0x00000000eab00000, 0x00000000efd80000, 0x0000000100000000)
  eden space 45568K, 100% used [0x00000000eab00000,0x00000000ed780000,0x00000000ed780000)
  from space 16384K, 97% used [0x00000000eed80000,0x00000000efd11608,0x00000000efd80000)
  to   space 18944K, 0% used [0x00000000ed880000,0x00000000ed880000,0x00000000eeb00000)
 ParOldGen       total 322560K, used 278606K [0x00000000c0000000, 0x00000000d3b00000, 0x00000000eab00000)
  object space 322560K, 86% used [0x00000000c0000000,0x00000000d1013a08,0x00000000d3b00000)
 Metaspace       used 55213K, capacity 58210K, committed 58368K, reserved 1101824K
  class space    used 5848K, capacity 6853K, committed 6912K, reserved 1048576K
}
Event: 17.878 GC heap after
{Heap after GC invocations=115 (full 7):
 PSYoungGen      total 65536K, used 18914K [0x00000000eab00000, 0x00000000f1180000, 0x0000000100000000)
  eden space 46592K, 0% used [0x00000000eab00000,0x00000000eab00000,0x00000000ed880000)
  from space 18944K, 99% used [0x00000000ed880000,0x00000000eeaf88d8,0x00000000eeb00000)
  to   space 28160K, 0% used [0x00000000ef600000,0x00000000ef600000,0x00000000f1180000)
 ParOldGen       total 322560K, used 285911K [0x00000000c0000000, 0x00000000d3b00000, 0x00000000eab00000)
  object space 322560K, 88% used [0x00000000c0000000,0x00000000d1735d30,0x00000000d3b00000)
 Metaspace       used 55213K, capacity 58210K, committed 58368K, reserved 1101824K
  class space    used 5848K, capacity 6853K, committed 6912K, reserved 1048576K
}
Event: 17.998 GC heap before
{Heap before GC invocations=116 (full 7):
 PSYoungGen      total 65536K, used 65506K [0x00000000eab00000, 0x00000000f1180000, 0x0000000100000000)
  eden space 46592K, 100% used [0x00000000eab00000,0x00000000ed880000,0x00000000ed880000)
  from space 18944K, 99% used [0x00000000ed880000,0x00000000eeaf88d8,0x00000000eeb00000)
  to   space 28160K, 0% used [0x00000000ef600000,0x00000000ef600000,0x00000000f1180000)
 ParOldGen       total 322560K, used 285911K [0x00000000c0000000, 0x00000000d3b00000, 0x00000000eab00000)
  object space 322560K, 88% used [0x00000000c0000000,0x00000000d1735d30,0x00000000d3b00000)
 Metaspace       used 55213K, capacity 58210K, committed 58368K, reserved 1101824K
  class space    used 5848K, capacity 6853K, committed 6912K, reserved 1048576K
}
Event: 18.014 GC heap after
{Heap after GC invocations=116 (full 7):
 PSYoungGen      total 69632K, used 18983K [0x00000000eab00000, 0x00000000f0900000, 0x0000000100000000)
  eden space 50176K, 0% used [0x00000000eab00000,0x00000000eab00000,0x00000000edc00000)
  from space 19456K, 97% used [0x00000000ef600000,0x00000000f0889e08,0x00000000f0900000)
  to   space 22016K, 0% used [0x00000000ede00000,0x00000000ede00000,0x00000000ef380000)
 ParOldGen       total 322560K, used 297930K [0x00000000c0000000, 0x00000000d3b00000, 0x00000000eab00000)
  object space 322560K, 92% used [0x00000000c0000000,0x00000000d22f2b50,0x00000000d3b00000)
 Metaspace       used 55213K, capacity 58210K, committed 58368K, reserved 1101824K
  class space    used 5848K, capacity 6853K, committed 6912K, reserved 1048576K
}
Event: 18.090 GC heap before
{Heap before GC invocations=117 (full 7):
 PSYoungGen      total 69632K, used 69159K [0x00000000eab00000, 0x00000000f0900000, 0x0000000100000000)
  eden space 50176K, 100% used [0x00000000eab00000,0x00000000edc00000,0x00000000edc00000)
  from space 19456K, 97% used [0x00000000ef600000,0x00000000f0889e08,0x00000000f0900000)
  to   space 22016K, 0% used [0x00000000ede00000,0x00000000ede00000,0x00000000ef380000)
 ParOldGen       total 322560K, used 297930K [0x00000000c0000000, 0x00000000d3b00000, 0x00000000eab00000)
  object space 322560K, 92% used [0x00000000c0000000,0x00000000d22f2b50,0x00000000d3b00000)
 Metaspace       used 55213K, capacity 58210K, committed 58368K, reserved 1101824K
  class space    used 5848K, capacity 6853K, committed 6912K, reserved 1048576K
}
Event: 18.109 GC heap after
{Heap after GC invocations=117 (full 7):
 PSYoungGen      total 74240K, used 22009K [0x00000000eab00000, 0x00000000f2a80000, 0x0000000100000000)
  eden space 52224K, 0% used [0x00000000eab00000,0x00000000eab00000,0x00000000ede00000)
  from space 22016K, 99% used [0x00000000ede00000,0x00000000ef37e750,0x00000000ef380000)
  to   space 37888K, 0% used [0x00000000f0580000,0x00000000f0580000,0x00000000f2a80000)
 ParOldGen       total 322560K, used 310804K [0x00000000c0000000, 0x00000000d3b00000, 0x00000000eab00000)
  object space 322560K, 96% used [0x00000000c0000000,0x00000000d2f85330,0x00000000d3b00000)
 Metaspace       used 55213K, capacity 58210K, committed 58368K, reserved 1101824K
  class space    used 5848K, capacity 6853K, committed 6912K, reserved 1048576K
}
Event: 18.110 GC heap before
{Heap before GC invocations=118 (full 8):
 PSYoungGen      total 74240K, used 22009K [0x00000000eab00000, 0x00000000f2a80000, 0x0000000100000000)
  eden space 52224K, 0% used [0x00000000eab00000,0x00000000eab00000,0x00000000ede00000)
  from space 22016K, 99% used [0x00000000ede00000,0x00000000ef37e750,0x00000000ef380000)
  to   space 37888K, 0% used [0x00000000f0580000,0x00000000f0580000,0x00000000f2a80000)
 ParOldGen       total 322560K, used 310804K [0x00000000c0000000, 0x00000000d3b00000, 0x00000000eab00000)
  object space 322560K, 96% used [0x00000000c0000000,0x00000000d2f85330,0x00000000d3b00000)
 Metaspace       used 55213K, capacity 58210K, committed 58368K, reserved 1101824K
  class space    used 5848K, capacity 6853K, committed 6912K, reserved 1048576K
}
Event: 18.993 GC heap after
{Heap after GC invocations=118 (full 8):
 PSYoungGen      total 74240K, used 5947K [0x00000000eab00000, 0x00000000f2c00000, 0x0000000100000000)
  eden space 52224K, 0% used [0x00000000eab00000,0x00000000eab00000,0x00000000ede00000)
  from space 22016K, 27% used [0x00000000ede00000,0x00000000ee3cef08,0x00000000ef380000)
  to   space 37888K, 0% used [0x00000000f0700000,0x00000000f0700000,0x00000000f2c00000)
 ParOldGen       total 449536K, used 322090K [0x00000000c0000000, 0x00000000db700000, 0x00000000eab00000)
  object space 449536K, 71% used [0x00000000c0000000,0x00000000d3a8ab78,0x00000000db700000)
 Metaspace       used 55213K, capacity 58210K, committed 58368K, reserved 1101824K
  class space    used 5848K, capacity 6853K, committed 6912K, reserved 1048576K
}
Event: 19.448 GC heap before
{Heap before GC invocations=119 (full 8):
 PSYoungGen      total 74240K, used 58171K [0x00000000eab00000, 0x00000000f2c00000, 0x0000000100000000)
  eden space 52224K, 100% used [0x00000000eab00000,0x00000000ede00000,0x00000000ede00000)
  from space 22016K, 27% used [0x00000000ede00000,0x00000000ee3cef08,0x00000000ef380000)
  to   space 37888K, 0% used [0x00000000f0700000,0x00000000f0700000,0x00000000f2c00000)
 ParOldGen       total 449536K, used 322090K [0x00000000c0000000, 0x00000000db700000, 0x00000000eab00000)
  object space 449536K, 71% used [0x00000000c0000000,0x00000000d3a8ab78,0x00000000db700000)
 Metaspace       used 55227K, capacity 58210K, committed 58368K, reserved 1101824K
  class space    used 5848K, capacity 6853K, committed 6912K, reserved 1048576K
}
Event: 19.483 GC heap after
{Heap after GC invocations=119 (full 8):
 PSYoungGen      total 78336K, used 22305K [0x00000000eab00000, 0x00000000f1d00000, 0x0000000100000000)
  eden space 55808K, 0% used [0x00000000eab00000,0x00000000eab00000,0x00000000ee180000)
  from space 22528K, 99% used [0x00000000f0700000,0x00000000f1cc85c8,0x00000000f1d00000)
  to   space 27136K, 0% used [0x00000000ee800000,0x00000000ee800000,0x00000000f0280000)
 ParOldGen       total 449536K, used 325630K [0x00000000c0000000, 0x00000000db700000, 0x00000000eab00000)
  object space 449536K, 72% used [0x00000000c0000000,0x00000000d3dff980,0x00000000db700000)
 Metaspace       used 55227K, capacity 58210K, committed 58368K, reserved 1101824K
  class space    used 5848K, capacity 6853K, committed 6912K, reserved 1048576K
}
Event: 20.778 GC heap before
{Heap before GC invocations=120 (full 8):
 PSYoungGen      total 78336K, used 78113K [0x00000000eab00000, 0x00000000f1d00000, 0x0000000100000000)
  eden space 55808K, 100% used [0x00000000eab00000,0x00000000ee180000,0x00000000ee180000)
  from space 22528K, 99% used [0x00000000f0700000,0x00000000f1cc85c8,0x00000000f1d00000)
  to   space 27136K, 0% used [0x00000000ee800000,0x00000000ee800000,0x00000000f0280000)
 ParOldGen       total 449536K, used 325630K [0x00000000c0000000, 0x00000000db700000, 0x00000000eab00000)
  object space 449536K, 72% used [0x00000000c0000000,0x00000000d3dff980,0x00000000db700000)
 Metaspace       used 55227K, capacity 58210K, committed 58368K, reserved 1101824K
  class space    used 5848K, capacity 6853K, committed 6912K, reserved 1048576K
}
Event: 20.837 GC heap after
{Heap after GC invocations=120 (full 8):
 PSYoungGen      total 86528K, used 27120K [0x00000000eab00000, 0x00000000f6800000, 0x0000000100000000)
  eden space 59392K, 0% used [0x00000000eab00000,0x00000000eab00000,0x00000000ee500000)
  from space 27136K, 99% used [0x00000000ee800000,0x00000000f027c3e0,0x00000000f0280000)
  to   space 67072K, 0% used [0x00000000f2680000,0x00000000f2680000,0x00000000f6800000)
 ParOldGen       total 449536K, used 358661K [0x00000000c0000000, 0x00000000db700000, 0x00000000eab00000)
  object space 449536K, 79% used [0x00000000c0000000,0x00000000d5e41610,0x00000000db700000)
 Metaspace       used 55227K, capacity 58210K, committed 58368K, reserved 1101824K
  class space    used 5848K, capacity 6853K, committed 6912K, reserved 1048576K
}

